<?xml version="1.0" encoding="UTF-8"?>
<!-- Generated by org.testng.reporters.JUnitReportReporter -->
<testsuite skipped="0" hostname="DESKTOP-P7Q402L" name="tests.ProfileTest" tests="2" failures="0" timestamp="2022-02-17T13:48:22 CET" time="69.534" errors="0">
  <testcase name="editProfileTest" time="30.850" classname="tests.ProfileTest"/>
  <system-out/>
  <testcase name="changeProfileImageTest" time="38.684" classname="tests.ProfileTest"/>
  <system-out/>
</testsuite> <!-- tests.ProfileTest -->
